<?xml version="1.0" encoding="UTF-8"?>
<testsuite name="org.example.alfa.model.AppModelTest" tests="4" skipped="0" failures="0" errors="0" timestamp="2022-06-04T13:37:56" hostname="MacBook-Pro-4.local" time="0.257">
  <properties/>
  <testcase name="getGifTagTest" classname="org.example.alfa.model.AppModelTest" time="0.004"/>
  <testcase name="requestGifIdTest" classname="org.example.alfa.model.AppModelTest" time="0.211"/>
  <testcase name="requestTodayRateTest" classname="org.example.alfa.model.AppModelTest" time="0.012"/>
  <testcase name="requestYesterdayRateTest" classname="org.example.alfa.model.AppModelTest" time="0.014"/>
  <system-out><![CDATA[16:37:55.652 [TestNG-tests-1] DEBUG org.springframework.test.context.support.AbstractDirtiesContextTestExecutionListener - Before test class: context [DefaultTestContext@49b88cc7 testClass = AppModelTest, testInstance = [null], testMethod = [null], testException = [null], mergedContextConfiguration = [MergedContextConfiguration@593cf2c testClass = AppModelTest, locations = '{}', classes = '{}', contextInitializerClasses = '[]', activeProfiles = '{}', propertySourceLocations = '{classpath:application.properties}', propertySourceProperties = '{}', contextCustomizers = set[org.springframework.boot.test.autoconfigure.actuate.metrics.MetricsExportContextCustomizerFactory$DisableMetricExportContextCustomizer@8c11eee, org.springframework.boot.test.autoconfigure.properties.PropertyMappingContextCustomizer@0, org.springframework.boot.test.autoconfigure.web.servlet.WebDriverContextCustomizerFactory$Customizer@544820b7, org.springframework.boot.test.context.filter.ExcludeFilterContextCustomizer@e84a8e1, org.springframework.boot.test.json.DuplicateJsonObjectContextCustomizerFactory$DuplicateJsonObjectContextCustomizer@7d42c224, org.springframework.boot.test.mock.mockito.MockitoContextCustomizer@0], contextLoader = 'org.springframework.test.context.support.DelegatingSmartContextLoader', parent = [null]], attributes = map[[empty]]], class annotated with @DirtiesContext [false] with mode [null].
16:37:55.656 [TestNG-tests-1] DEBUG org.springframework.test.context.support.DependencyInjectionTestExecutionListener - Performing dependency injection for test context [[DefaultTestContext@49b88cc7 testClass = AppModelTest, testInstance = org.example.alfa.model.AppModelTest@5974109, testMethod = [null], testException = [null], mergedContextConfiguration = [MergedContextConfiguration@593cf2c testClass = AppModelTest, locations = '{}', classes = '{}', contextInitializerClasses = '[]', activeProfiles = '{}', propertySourceLocations = '{classpath:application.properties}', propertySourceProperties = '{}', contextCustomizers = set[org.springframework.boot.test.autoconfigure.actuate.metrics.MetricsExportContextCustomizerFactory$DisableMetricExportContextCustomizer@8c11eee, org.springframework.boot.test.autoconfigure.properties.PropertyMappingContextCustomizer@0, org.springframework.boot.test.autoconfigure.web.servlet.WebDriverContextCustomizerFactory$Customizer@544820b7, org.springframework.boot.test.context.filter.ExcludeFilterContextCustomizer@e84a8e1, org.springframework.boot.test.json.DuplicateJsonObjectContextCustomizerFactory$DuplicateJsonObjectContextCustomizer@7d42c224, org.springframework.boot.test.mock.mockito.MockitoContextCustomizer@0], contextLoader = 'org.springframework.test.context.support.DelegatingSmartContextLoader', parent = [null]], attributes = map['org.springframework.test.context.event.ApplicationEventsTestExecutionListener.recordApplicationEvents' -> false]]].
16:37:55.657 [TestNG-tests-1] DEBUG org.springframework.test.context.support.AbstractDelegatingSmartContextLoader - Delegating to AnnotationConfigContextLoader to load context from [MergedContextConfiguration@593cf2c testClass = AppModelTest, locations = '{}', classes = '{}', contextInitializerClasses = '[]', activeProfiles = '{}', propertySourceLocations = '{classpath:application.properties}', propertySourceProperties = '{}', contextCustomizers = set[org.springframework.boot.test.autoconfigure.actuate.metrics.MetricsExportContextCustomizerFactory$DisableMetricExportContextCustomizer@8c11eee, org.springframework.boot.test.autoconfigure.properties.PropertyMappingContextCustomizer@0, org.springframework.boot.test.autoconfigure.web.servlet.WebDriverContextCustomizerFactory$Customizer@544820b7, org.springframework.boot.test.context.filter.ExcludeFilterContextCustomizer@e84a8e1, org.springframework.boot.test.json.DuplicateJsonObjectContextCustomizerFactory$DuplicateJsonObjectContextCustomizer@7d42c224, org.springframework.boot.test.mock.mockito.MockitoContextCustomizer@0], contextLoader = 'org.springframework.test.context.support.DelegatingSmartContextLoader', parent = [null]].
16:37:55.657 [TestNG-tests-1] DEBUG org.springframework.test.context.support.AbstractGenericContextLoader - Loading ApplicationContext for merged context configuration [[MergedContextConfiguration@593cf2c testClass = AppModelTest, locations = '{}', classes = '{}', contextInitializerClasses = '[]', activeProfiles = '{}', propertySourceLocations = '{classpath:application.properties}', propertySourceProperties = '{}', contextCustomizers = set[org.springframework.boot.test.autoconfigure.actuate.metrics.MetricsExportContextCustomizerFactory$DisableMetricExportContextCustomizer@8c11eee, org.springframework.boot.test.autoconfigure.properties.PropertyMappingContextCustomizer@0, org.springframework.boot.test.autoconfigure.web.servlet.WebDriverContextCustomizerFactory$Customizer@544820b7, org.springframework.boot.test.context.filter.ExcludeFilterContextCustomizer@e84a8e1, org.springframework.boot.test.json.DuplicateJsonObjectContextCustomizerFactory$DuplicateJsonObjectContextCustomizer@7d42c224, org.springframework.boot.test.mock.mockito.MockitoContextCustomizer@0], contextLoader = 'org.springframework.test.context.support.DelegatingSmartContextLoader', parent = [null]]].
16:37:55.689 [TestNG-tests-1] DEBUG org.springframework.core.env.StandardEnvironment - Activating profiles []
16:37:55.696 [TestNG-tests-1] DEBUG org.springframework.test.context.support.AnnotationConfigContextLoader - Registering component classes: {}
16:37:55.722 [TestNG-tests-1] DEBUG org.springframework.context.support.GenericApplicationContext - Refreshing org.springframework.context.support.GenericApplicationContext@1ab541d4
16:37:55.733 [TestNG-tests-1] DEBUG org.springframework.beans.factory.support.DefaultListableBeanFactory - Creating shared instance of singleton bean 'org.springframework.context.annotation.internalConfigurationAnnotationProcessor'
16:37:55.756 [TestNG-tests-1] DEBUG org.springframework.beans.factory.support.DefaultListableBeanFactory - Creating shared instance of singleton bean 'org.springframework.boot.test.mock.mockito.MockitoPostProcessor'
16:37:55.770 [TestNG-tests-1] DEBUG org.springframework.beans.factory.support.DefaultListableBeanFactory - Creating shared instance of singleton bean 'org.springframework.context.event.internalEventListenerProcessor'
16:37:55.771 [TestNG-tests-1] DEBUG org.springframework.beans.factory.support.DefaultListableBeanFactory - Creating shared instance of singleton bean 'org.springframework.context.event.internalEventListenerFactory'
16:37:55.773 [TestNG-tests-1] DEBUG org.springframework.beans.factory.support.DefaultListableBeanFactory - Creating shared instance of singleton bean 'org.springframework.context.annotation.internalAutowiredAnnotationProcessor'
16:37:55.774 [TestNG-tests-1] DEBUG org.springframework.beans.factory.support.DefaultListableBeanFactory - Creating shared instance of singleton bean 'org.springframework.context.annotation.internalCommonAnnotationProcessor'
16:37:55.777 [TestNG-tests-1] DEBUG org.springframework.beans.factory.support.DefaultListableBeanFactory - Creating shared instance of singleton bean 'org.springframework.boot.test.mock.mockito.MockitoPostProcessor$SpyPostProcessor'
16:37:55.796 [TestNG-tests-1] DEBUG org.springframework.test.context.cache.DefaultCacheAwareContextLoaderDelegate - Storing ApplicationContext [448086484] in cache under key [[MergedContextConfiguration@593cf2c testClass = AppModelTest, locations = '{}', classes = '{}', contextInitializerClasses = '[]', activeProfiles = '{}', propertySourceLocations = '{classpath:application.properties}', propertySourceProperties = '{}', contextCustomizers = set[org.springframework.boot.test.autoconfigure.actuate.metrics.MetricsExportContextCustomizerFactory$DisableMetricExportContextCustomizer@8c11eee, org.springframework.boot.test.autoconfigure.properties.PropertyMappingContextCustomizer@0, org.springframework.boot.test.autoconfigure.web.servlet.WebDriverContextCustomizerFactory$Customizer@544820b7, org.springframework.boot.test.context.filter.ExcludeFilterContextCustomizer@e84a8e1, org.springframework.boot.test.json.DuplicateJsonObjectContextCustomizerFactory$DuplicateJsonObjectContextCustomizer@7d42c224, org.springframework.boot.test.mock.mockito.MockitoContextCustomizer@0], contextLoader = 'org.springframework.test.context.support.DelegatingSmartContextLoader', parent = [null]]]
16:37:55.797 [TestNG-tests-1] DEBUG org.springframework.test.context.cache - Spring test ApplicationContext cache statistics: [DefaultContextCache@1e512e52 size = 1, maxSize = 32, parentContextCount = 0, hitCount = 0, missCount = 1]
16:37:55.829 [TestNG-tests-1] DEBUG org.springframework.core.env.PropertySourcesPropertyResolver - Found key 'currency.api.key' in PropertySource 'configurationProperties' with value of type String
16:37:55.830 [TestNG-tests-1] DEBUG org.springframework.core.env.PropertySourcesPropertyResolver - Found key 'gif.api.key' in PropertySource 'configurationProperties' with value of type String
16:37:55.830 [TestNG-tests-1] DEBUG org.springframework.core.env.PropertySourcesPropertyResolver - Found key 'target.currency' in PropertySource 'configurationProperties' with value of type String
16:37:55.833 [TestNG-tests-1] DEBUG org.springframework.test.context.cache.DefaultCacheAwareContextLoaderDelegate - Retrieved ApplicationContext [448086484] from cache with key [[MergedContextConfiguration@593cf2c testClass = AppModelTest, locations = '{}', classes = '{}', contextInitializerClasses = '[]', activeProfiles = '{}', propertySourceLocations = '{classpath:application.properties}', propertySourceProperties = '{}', contextCustomizers = set[org.springframework.boot.test.autoconfigure.actuate.metrics.MetricsExportContextCustomizerFactory$DisableMetricExportContextCustomizer@8c11eee, org.springframework.boot.test.autoconfigure.properties.PropertyMappingContextCustomizer@0, org.springframework.boot.test.autoconfigure.web.servlet.WebDriverContextCustomizerFactory$Customizer@544820b7, org.springframework.boot.test.context.filter.ExcludeFilterContextCustomizer@e84a8e1, org.springframework.boot.test.json.DuplicateJsonObjectContextCustomizerFactory$DuplicateJsonObjectContextCustomizer@7d42c224, org.springframework.boot.test.mock.mockito.MockitoContextCustomizer@0], contextLoader = 'org.springframework.test.context.support.DelegatingSmartContextLoader', parent = [null]]]
16:37:55.833 [TestNG-tests-1] DEBUG org.springframework.test.context.cache - Spring test ApplicationContext cache statistics: [DefaultContextCache@1e512e52 size = 1, maxSize = 32, parentContextCount = 0, hitCount = 1, missCount = 1]
16:37:55.841 [TestNG-tests-1] DEBUG org.springframework.test.context.support.AbstractDirtiesContextTestExecutionListener - Before test method: context [DefaultTestContext@49b88cc7 testClass = AppModelTest, testInstance = org.example.alfa.model.AppModelTest@5974109, testMethod = getGifTagTest@AppModelTest, testException = [null], mergedContextConfiguration = [MergedContextConfiguration@593cf2c testClass = AppModelTest, locations = '{}', classes = '{}', contextInitializerClasses = '[]', activeProfiles = '{}', propertySourceLocations = '{classpath:application.properties}', propertySourceProperties = '{}', contextCustomizers = set[org.springframework.boot.test.autoconfigure.actuate.metrics.MetricsExportContextCustomizerFactory$DisableMetricExportContextCustomizer@8c11eee, org.springframework.boot.test.autoconfigure.properties.PropertyMappingContextCustomizer@0, org.springframework.boot.test.autoconfigure.web.servlet.WebDriverContextCustomizerFactory$Customizer@544820b7, org.springframework.boot.test.context.filter.ExcludeFilterContextCustomizer@e84a8e1, org.springframework.boot.test.json.DuplicateJsonObjectContextCustomizerFactory$DuplicateJsonObjectContextCustomizer@7d42c224, org.springframework.boot.test.mock.mockito.MockitoContextCustomizer@0], contextLoader = 'org.springframework.test.context.support.DelegatingSmartContextLoader', parent = [null]], attributes = map['org.springframework.test.context.event.ApplicationEventsTestExecutionListener.recordApplicationEvents' -> false]], class annotated with @DirtiesContext [false] with mode [null], method annotated with @DirtiesContext [false] with mode [null].
16:37:55.842 [TestNG-tests-1] DEBUG org.springframework.test.context.cache.DefaultCacheAwareContextLoaderDelegate - Retrieved ApplicationContext [448086484] from cache with key [[MergedContextConfiguration@593cf2c testClass = AppModelTest, locations = '{}', classes = '{}', contextInitializerClasses = '[]', activeProfiles = '{}', propertySourceLocations = '{classpath:application.properties}', propertySourceProperties = '{}', contextCustomizers = set[org.springframework.boot.test.autoconfigure.actuate.metrics.MetricsExportContextCustomizerFactory$DisableMetricExportContextCustomizer@8c11eee, org.springframework.boot.test.autoconfigure.properties.PropertyMappingContextCustomizer@0, org.springframework.boot.test.autoconfigure.web.servlet.WebDriverContextCustomizerFactory$Customizer@544820b7, org.springframework.boot.test.context.filter.ExcludeFilterContextCustomizer@e84a8e1, org.springframework.boot.test.json.DuplicateJsonObjectContextCustomizerFactory$DuplicateJsonObjectContextCustomizer@7d42c224, org.springframework.boot.test.mock.mockito.MockitoContextCustomizer@0], contextLoader = 'org.springframework.test.context.support.DelegatingSmartContextLoader', parent = [null]]]
16:37:55.842 [TestNG-tests-1] DEBUG org.springframework.test.context.cache - Spring test ApplicationContext cache statistics: [DefaultContextCache@1e512e52 size = 1, maxSize = 32, parentContextCount = 0, hitCount = 2, missCount = 1]
16:37:56.367 [TestNG-tests-1] DEBUG org.springframework.test.util.ReflectionTestUtils - Setting field 'currencyApiKey' of type [null] on target object [org.example.alfa.model.AppModel@3b44a0bf] or target class [class org.example.alfa.model.AppModel] to value [b8e29d114c4345be921943c44726aa78]
16:37:56.367 [TestNG-tests-1] DEBUG org.springframework.test.util.ReflectionTestUtils - Setting field 'gifApiKey' of type [null] on target object [org.example.alfa.model.AppModel@3b44a0bf] or target class [class org.example.alfa.model.AppModel] to value [mGwYX2s7T8iCj7Jg5KPAT9p9zxQqRa0H]
16:37:56.367 [TestNG-tests-1] DEBUG org.springframework.test.util.ReflectionTestUtils - Setting field 'targetCurrency' of type [null] on target object [org.example.alfa.model.AppModel@3b44a0bf] or target class [class org.example.alfa.model.AppModel] to value [RUB]
16:37:56.370 [TestNG-tests-1] DEBUG org.springframework.test.context.cache.DefaultCacheAwareContextLoaderDelegate - Retrieved ApplicationContext [448086484] from cache with key [[MergedContextConfiguration@593cf2c testClass = AppModelTest, locations = '{}', classes = '{}', contextInitializerClasses = '[]', activeProfiles = '{}', propertySourceLocations = '{classpath:application.properties}', propertySourceProperties = '{}', contextCustomizers = set[org.springframework.boot.test.autoconfigure.actuate.metrics.MetricsExportContextCustomizerFactory$DisableMetricExportContextCustomizer@8c11eee, org.springframework.boot.test.autoconfigure.properties.PropertyMappingContextCustomizer@0, org.springframework.boot.test.autoconfigure.web.servlet.WebDriverContextCustomizerFactory$Customizer@544820b7, org.springframework.boot.test.context.filter.ExcludeFilterContextCustomizer@e84a8e1, org.springframework.boot.test.json.DuplicateJsonObjectContextCustomizerFactory$DuplicateJsonObjectContextCustomizer@7d42c224, org.springframework.boot.test.mock.mockito.MockitoContextCustomizer@0], contextLoader = 'org.springframework.test.context.support.DelegatingSmartContextLoader', parent = [null]]]
16:37:56.370 [TestNG-tests-1] DEBUG org.springframework.test.context.cache - Spring test ApplicationContext cache statistics: [DefaultContextCache@1e512e52 size = 1, maxSize = 32, parentContextCount = 0, hitCount = 3, missCount = 1]
16:37:56.372 [TestNG-tests-1] DEBUG org.springframework.test.context.cache.DefaultCacheAwareContextLoaderDelegate - Retrieved ApplicationContext [448086484] from cache with key [[MergedContextConfiguration@593cf2c testClass = AppModelTest, locations = '{}', classes = '{}', contextInitializerClasses = '[]', activeProfiles = '{}', propertySourceLocations = '{classpath:application.properties}', propertySourceProperties = '{}', contextCustomizers = set[org.springframework.boot.test.autoconfigure.actuate.metrics.MetricsExportContextCustomizerFactory$DisableMetricExportContextCustomizer@8c11eee, org.springframework.boot.test.autoconfigure.properties.PropertyMappingContextCustomizer@0, org.springframework.boot.test.autoconfigure.web.servlet.WebDriverContextCustomizerFactory$Customizer@544820b7, org.springframework.boot.test.context.filter.ExcludeFilterContextCustomizer@e84a8e1, org.springframework.boot.test.json.DuplicateJsonObjectContextCustomizerFactory$DuplicateJsonObjectContextCustomizer@7d42c224, org.springframework.boot.test.mock.mockito.MockitoContextCustomizer@0], contextLoader = 'org.springframework.test.context.support.DelegatingSmartContextLoader', parent = [null]]]
16:37:56.372 [TestNG-tests-1] DEBUG org.springframework.test.context.cache - Spring test ApplicationContext cache statistics: [DefaultContextCache@1e512e52 size = 1, maxSize = 32, parentContextCount = 0, hitCount = 4, missCount = 1]
16:37:56.374 [TestNG-tests-1] DEBUG org.springframework.test.context.cache.DefaultCacheAwareContextLoaderDelegate - Retrieved ApplicationContext [448086484] from cache with key [[MergedContextConfiguration@593cf2c testClass = AppModelTest, locations = '{}', classes = '{}', contextInitializerClasses = '[]', activeProfiles = '{}', propertySourceLocations = '{classpath:application.properties}', propertySourceProperties = '{}', contextCustomizers = set[org.springframework.boot.test.autoconfigure.actuate.metrics.MetricsExportContextCustomizerFactory$DisableMetricExportContextCustomizer@8c11eee, org.springframework.boot.test.autoconfigure.properties.PropertyMappingContextCustomizer@0, org.springframework.boot.test.autoconfigure.web.servlet.WebDriverContextCustomizerFactory$Customizer@544820b7, org.springframework.boot.test.context.filter.ExcludeFilterContextCustomizer@e84a8e1, org.springframework.boot.test.json.DuplicateJsonObjectContextCustomizerFactory$DuplicateJsonObjectContextCustomizer@7d42c224, org.springframework.boot.test.mock.mockito.MockitoContextCustomizer@0], contextLoader = 'org.springframework.test.context.support.DelegatingSmartContextLoader', parent = [null]]]
16:37:56.374 [TestNG-tests-1] DEBUG org.springframework.test.context.cache - Spring test ApplicationContext cache statistics: [DefaultContextCache@1e512e52 size = 1, maxSize = 32, parentContextCount = 0, hitCount = 5, missCount = 1]
16:37:56.375 [TestNG-tests-1] DEBUG org.springframework.test.context.support.AbstractDirtiesContextTestExecutionListener - After test method: context [DefaultTestContext@49b88cc7 testClass = AppModelTest, testInstance = org.example.alfa.model.AppModelTest@5974109, testMethod = getGifTagTest@AppModelTest, testException = [null], mergedContextConfiguration = [MergedContextConfiguration@593cf2c testClass = AppModelTest, locations = '{}', classes = '{}', contextInitializerClasses = '[]', activeProfiles = '{}', propertySourceLocations = '{classpath:application.properties}', propertySourceProperties = '{}', contextCustomizers = set[org.springframework.boot.test.autoconfigure.actuate.metrics.MetricsExportContextCustomizerFactory$DisableMetricExportContextCustomizer@8c11eee, org.springframework.boot.test.autoconfigure.properties.PropertyMappingContextCustomizer@0, org.springframework.boot.test.autoconfigure.web.servlet.WebDriverContextCustomizerFactory$Customizer@544820b7, org.springframework.boot.test.context.filter.ExcludeFilterContextCustomizer@e84a8e1, org.springframework.boot.test.json.DuplicateJsonObjectContextCustomizerFactory$DuplicateJsonObjectContextCustomizer@7d42c224, org.springframework.boot.test.mock.mockito.MockitoContextCustomizer@0], contextLoader = 'org.springframework.test.context.support.DelegatingSmartContextLoader', parent = [null]], attributes = map['org.springframework.test.context.event.ApplicationEventsTestExecutionListener.recordApplicationEvents' -> false]], class annotated with @DirtiesContext [false] with mode [null], method annotated with @DirtiesContext [false] with mode [null].
16:37:56.376 [TestNG-tests-1] DEBUG org.springframework.test.context.support.AbstractDirtiesContextTestExecutionListener - Before test method: context [DefaultTestContext@49b88cc7 testClass = AppModelTest, testInstance = org.example.alfa.model.AppModelTest@5974109, testMethod = requestGifIdTest@AppModelTest, testException = [null], mergedContextConfiguration = [MergedContextConfiguration@593cf2c testClass = AppModelTest, locations = '{}', classes = '{}', contextInitializerClasses = '[]', activeProfiles = '{}', propertySourceLocations = '{classpath:application.properties}', propertySourceProperties = '{}', contextCustomizers = set[org.springframework.boot.test.autoconfigure.actuate.metrics.MetricsExportContextCustomizerFactory$DisableMetricExportContextCustomizer@8c11eee, org.springframework.boot.test.autoconfigure.properties.PropertyMappingContextCustomizer@0, org.springframework.boot.test.autoconfigure.web.servlet.WebDriverContextCustomizerFactory$Customizer@544820b7, org.springframework.boot.test.context.filter.ExcludeFilterContextCustomizer@e84a8e1, org.springframework.boot.test.json.DuplicateJsonObjectContextCustomizerFactory$DuplicateJsonObjectContextCustomizer@7d42c224, org.springframework.boot.test.mock.mockito.MockitoContextCustomizer@0], contextLoader = 'org.springframework.test.context.support.DelegatingSmartContextLoader', parent = [null]], attributes = map['org.springframework.test.context.event.ApplicationEventsTestExecutionListener.recordApplicationEvents' -> false]], class annotated with @DirtiesContext [false] with mode [null], method annotated with @DirtiesContext [false] with mode [null].
16:37:56.377 [TestNG-tests-1] DEBUG org.springframework.test.context.cache.DefaultCacheAwareContextLoaderDelegate - Retrieved ApplicationContext [448086484] from cache with key [[MergedContextConfiguration@593cf2c testClass = AppModelTest, locations = '{}', classes = '{}', contextInitializerClasses = '[]', activeProfiles = '{}', propertySourceLocations = '{classpath:application.properties}', propertySourceProperties = '{}', contextCustomizers = set[org.springframework.boot.test.autoconfigure.actuate.metrics.MetricsExportContextCustomizerFactory$DisableMetricExportContextCustomizer@8c11eee, org.springframework.boot.test.autoconfigure.properties.PropertyMappingContextCustomizer@0, org.springframework.boot.test.autoconfigure.web.servlet.WebDriverContextCustomizerFactory$Customizer@544820b7, org.springframework.boot.test.context.filter.ExcludeFilterContextCustomizer@e84a8e1, org.springframework.boot.test.json.DuplicateJsonObjectContextCustomizerFactory$DuplicateJsonObjectContextCustomizer@7d42c224, org.springframework.boot.test.mock.mockito.MockitoContextCustomizer@0], contextLoader = 'org.springframework.test.context.support.DelegatingSmartContextLoader', parent = [null]]]
16:37:56.377 [TestNG-tests-1] DEBUG org.springframework.test.context.cache - Spring test ApplicationContext cache statistics: [DefaultContextCache@1e512e52 size = 1, maxSize = 32, parentContextCount = 0, hitCount = 6, missCount = 1]
16:37:56.378 [TestNG-tests-1] DEBUG org.springframework.test.util.ReflectionTestUtils - Setting field 'currencyApiKey' of type [null] on target object [org.example.alfa.model.AppModel@3b44a0bf] or target class [class org.example.alfa.model.AppModel] to value [b8e29d114c4345be921943c44726aa78]
16:37:56.379 [TestNG-tests-1] DEBUG org.springframework.test.util.ReflectionTestUtils - Setting field 'gifApiKey' of type [null] on target object [org.example.alfa.model.AppModel@3b44a0bf] or target class [class org.example.alfa.model.AppModel] to value [mGwYX2s7T8iCj7Jg5KPAT9p9zxQqRa0H]
16:37:56.379 [TestNG-tests-1] DEBUG org.springframework.test.util.ReflectionTestUtils - Setting field 'targetCurrency' of type [null] on target object [org.example.alfa.model.AppModel@3b44a0bf] or target class [class org.example.alfa.model.AppModel] to value [RUB]
16:37:56.379 [TestNG-tests-1] DEBUG org.springframework.test.context.cache.DefaultCacheAwareContextLoaderDelegate - Retrieved ApplicationContext [448086484] from cache with key [[MergedContextConfiguration@593cf2c testClass = AppModelTest, locations = '{}', classes = '{}', contextInitializerClasses = '[]', activeProfiles = '{}', propertySourceLocations = '{classpath:application.properties}', propertySourceProperties = '{}', contextCustomizers = set[org.springframework.boot.test.autoconfigure.actuate.metrics.MetricsExportContextCustomizerFactory$DisableMetricExportContextCustomizer@8c11eee, org.springframework.boot.test.autoconfigure.properties.PropertyMappingContextCustomizer@0, org.springframework.boot.test.autoconfigure.web.servlet.WebDriverContextCustomizerFactory$Customizer@544820b7, org.springframework.boot.test.context.filter.ExcludeFilterContextCustomizer@e84a8e1, org.springframework.boot.test.json.DuplicateJsonObjectContextCustomizerFactory$DuplicateJsonObjectContextCustomizer@7d42c224, org.springframework.boot.test.mock.mockito.MockitoContextCustomizer@0], contextLoader = 'org.springframework.test.context.support.DelegatingSmartContextLoader', parent = [null]]]
16:37:56.380 [TestNG-tests-1] DEBUG org.springframework.test.context.cache - Spring test ApplicationContext cache statistics: [DefaultContextCache@1e512e52 size = 1, maxSize = 32, parentContextCount = 0, hitCount = 7, missCount = 1]
16:37:56.590 [TestNG-tests-1] DEBUG org.springframework.test.context.cache.DefaultCacheAwareContextLoaderDelegate - Retrieved ApplicationContext [448086484] from cache with key [[MergedContextConfiguration@593cf2c testClass = AppModelTest, locations = '{}', classes = '{}', contextInitializerClasses = '[]', activeProfiles = '{}', propertySourceLocations = '{classpath:application.properties}', propertySourceProperties = '{}', contextCustomizers = set[org.springframework.boot.test.autoconfigure.actuate.metrics.MetricsExportContextCustomizerFactory$DisableMetricExportContextCustomizer@8c11eee, org.springframework.boot.test.autoconfigure.properties.PropertyMappingContextCustomizer@0, org.springframework.boot.test.autoconfigure.web.servlet.WebDriverContextCustomizerFactory$Customizer@544820b7, org.springframework.boot.test.context.filter.ExcludeFilterContextCustomizer@e84a8e1, org.springframework.boot.test.json.DuplicateJsonObjectContextCustomizerFactory$DuplicateJsonObjectContextCustomizer@7d42c224, org.springframework.boot.test.mock.mockito.MockitoContextCustomizer@0], contextLoader = 'org.springframework.test.context.support.DelegatingSmartContextLoader', parent = [null]]]
16:37:56.590 [TestNG-tests-1] DEBUG org.springframework.test.context.cache - Spring test ApplicationContext cache statistics: [DefaultContextCache@1e512e52 size = 1, maxSize = 32, parentContextCount = 0, hitCount = 8, missCount = 1]
16:37:56.591 [TestNG-tests-1] DEBUG org.springframework.test.context.cache.DefaultCacheAwareContextLoaderDelegate - Retrieved ApplicationContext [448086484] from cache with key [[MergedContextConfiguration@593cf2c testClass = AppModelTest, locations = '{}', classes = '{}', contextInitializerClasses = '[]', activeProfiles = '{}', propertySourceLocations = '{classpath:application.properties}', propertySourceProperties = '{}', contextCustomizers = set[org.springframework.boot.test.autoconfigure.actuate.metrics.MetricsExportContextCustomizerFactory$DisableMetricExportContextCustomizer@8c11eee, org.springframework.boot.test.autoconfigure.properties.PropertyMappingContextCustomizer@0, org.springframework.boot.test.autoconfigure.web.servlet.WebDriverContextCustomizerFactory$Customizer@544820b7, org.springframework.boot.test.context.filter.ExcludeFilterContextCustomizer@e84a8e1, org.springframework.boot.test.json.DuplicateJsonObjectContextCustomizerFactory$DuplicateJsonObjectContextCustomizer@7d42c224, org.springframework.boot.test.mock.mockito.MockitoContextCustomizer@0], contextLoader = 'org.springframework.test.context.support.DelegatingSmartContextLoader', parent = [null]]]
16:37:56.591 [TestNG-tests-1] DEBUG org.springframework.test.context.cache - Spring test ApplicationContext cache statistics: [DefaultContextCache@1e512e52 size = 1, maxSize = 32, parentContextCount = 0, hitCount = 9, missCount = 1]
16:37:56.592 [TestNG-tests-1] DEBUG org.springframework.test.context.support.AbstractDirtiesContextTestExecutionListener - After test method: context [DefaultTestContext@49b88cc7 testClass = AppModelTest, testInstance = org.example.alfa.model.AppModelTest@5974109, testMethod = requestGifIdTest@AppModelTest, testException = [null], mergedContextConfiguration = [MergedContextConfiguration@593cf2c testClass = AppModelTest, locations = '{}', classes = '{}', contextInitializerClasses = '[]', activeProfiles = '{}', propertySourceLocations = '{classpath:application.properties}', propertySourceProperties = '{}', contextCustomizers = set[org.springframework.boot.test.autoconfigure.actuate.metrics.MetricsExportContextCustomizerFactory$DisableMetricExportContextCustomizer@8c11eee, org.springframework.boot.test.autoconfigure.properties.PropertyMappingContextCustomizer@0, org.springframework.boot.test.autoconfigure.web.servlet.WebDriverContextCustomizerFactory$Customizer@544820b7, org.springframework.boot.test.context.filter.ExcludeFilterContextCustomizer@e84a8e1, org.springframework.boot.test.json.DuplicateJsonObjectContextCustomizerFactory$DuplicateJsonObjectContextCustomizer@7d42c224, org.springframework.boot.test.mock.mockito.MockitoContextCustomizer@0], contextLoader = 'org.springframework.test.context.support.DelegatingSmartContextLoader', parent = [null]], attributes = map['org.springframework.test.context.event.ApplicationEventsTestExecutionListener.recordApplicationEvents' -> false]], class annotated with @DirtiesContext [false] with mode [null], method annotated with @DirtiesContext [false] with mode [null].
16:37:56.593 [TestNG-tests-1] DEBUG org.springframework.test.context.support.AbstractDirtiesContextTestExecutionListener - Before test method: context [DefaultTestContext@49b88cc7 testClass = AppModelTest, testInstance = org.example.alfa.model.AppModelTest@5974109, testMethod = requestTodayRateTest@AppModelTest, testException = [null], mergedContextConfiguration = [MergedContextConfiguration@593cf2c testClass = AppModelTest, locations = '{}', classes = '{}', contextInitializerClasses = '[]', activeProfiles = '{}', propertySourceLocations = '{classpath:application.properties}', propertySourceProperties = '{}', contextCustomizers = set[org.springframework.boot.test.autoconfigure.actuate.metrics.MetricsExportContextCustomizerFactory$DisableMetricExportContextCustomizer@8c11eee, org.springframework.boot.test.autoconfigure.properties.PropertyMappingContextCustomizer@0, org.springframework.boot.test.autoconfigure.web.servlet.WebDriverContextCustomizerFactory$Customizer@544820b7, org.springframework.boot.test.context.filter.ExcludeFilterContextCustomizer@e84a8e1, org.springframework.boot.test.json.DuplicateJsonObjectContextCustomizerFactory$DuplicateJsonObjectContextCustomizer@7d42c224, org.springframework.boot.test.mock.mockito.MockitoContextCustomizer@0], contextLoader = 'org.springframework.test.context.support.DelegatingSmartContextLoader', parent = [null]], attributes = map['org.springframework.test.context.event.ApplicationEventsTestExecutionListener.recordApplicationEvents' -> false]], class annotated with @DirtiesContext [false] with mode [null], method annotated with @DirtiesContext [false] with mode [null].
16:37:56.593 [TestNG-tests-1] DEBUG org.springframework.test.context.cache.DefaultCacheAwareContextLoaderDelegate - Retrieved ApplicationContext [448086484] from cache with key [[MergedContextConfiguration@593cf2c testClass = AppModelTest, locations = '{}', classes = '{}', contextInitializerClasses = '[]', activeProfiles = '{}', propertySourceLocations = '{classpath:application.properties}', propertySourceProperties = '{}', contextCustomizers = set[org.springframework.boot.test.autoconfigure.actuate.metrics.MetricsExportContextCustomizerFactory$DisableMetricExportContextCustomizer@8c11eee, org.springframework.boot.test.autoconfigure.properties.PropertyMappingContextCustomizer@0, org.springframework.boot.test.autoconfigure.web.servlet.WebDriverContextCustomizerFactory$Customizer@544820b7, org.springframework.boot.test.context.filter.ExcludeFilterContextCustomizer@e84a8e1, org.springframework.boot.test.json.DuplicateJsonObjectContextCustomizerFactory$DuplicateJsonObjectContextCustomizer@7d42c224, org.springframework.boot.test.mock.mockito.MockitoContextCustomizer@0], contextLoader = 'org.springframework.test.context.support.DelegatingSmartContextLoader', parent = [null]]]
16:37:56.593 [TestNG-tests-1] DEBUG org.springframework.test.context.cache - Spring test ApplicationContext cache statistics: [DefaultContextCache@1e512e52 size = 1, maxSize = 32, parentContextCount = 0, hitCount = 10, missCount = 1]
16:37:56.595 [TestNG-tests-1] DEBUG org.springframework.test.util.ReflectionTestUtils - Setting field 'currencyApiKey' of type [null] on target object [org.example.alfa.model.AppModel@3b44a0bf] or target class [class org.example.alfa.model.AppModel] to value [b8e29d114c4345be921943c44726aa78]
16:37:56.595 [TestNG-tests-1] DEBUG org.springframework.test.util.ReflectionTestUtils - Setting field 'gifApiKey' of type [null] on target object [org.example.alfa.model.AppModel@3b44a0bf] or target class [class org.example.alfa.model.AppModel] to value [mGwYX2s7T8iCj7Jg5KPAT9p9zxQqRa0H]
16:37:56.595 [TestNG-tests-1] DEBUG org.springframework.test.util.ReflectionTestUtils - Setting field 'targetCurrency' of type [null] on target object [org.example.alfa.model.AppModel@3b44a0bf] or target class [class org.example.alfa.model.AppModel] to value [RUB]
16:37:56.596 [TestNG-tests-1] DEBUG org.springframework.test.context.cache.DefaultCacheAwareContextLoaderDelegate - Retrieved ApplicationContext [448086484] from cache with key [[MergedContextConfiguration@593cf2c testClass = AppModelTest, locations = '{}', classes = '{}', contextInitializerClasses = '[]', activeProfiles = '{}', propertySourceLocations = '{classpath:application.properties}', propertySourceProperties = '{}', contextCustomizers = set[org.springframework.boot.test.autoconfigure.actuate.metrics.MetricsExportContextCustomizerFactory$DisableMetricExportContextCustomizer@8c11eee, org.springframework.boot.test.autoconfigure.properties.PropertyMappingContextCustomizer@0, org.springframework.boot.test.autoconfigure.web.servlet.WebDriverContextCustomizerFactory$Customizer@544820b7, org.springframework.boot.test.context.filter.ExcludeFilterContextCustomizer@e84a8e1, org.springframework.boot.test.json.DuplicateJsonObjectContextCustomizerFactory$DuplicateJsonObjectContextCustomizer@7d42c224, org.springframework.boot.test.mock.mockito.MockitoContextCustomizer@0], contextLoader = 'org.springframework.test.context.support.DelegatingSmartContextLoader', parent = [null]]]
16:37:56.596 [TestNG-tests-1] DEBUG org.springframework.test.context.cache - Spring test ApplicationContext cache statistics: [DefaultContextCache@1e512e52 size = 1, maxSize = 32, parentContextCount = 0, hitCount = 11, missCount = 1]
16:37:56.607 [TestNG-tests-1] DEBUG org.springframework.test.context.cache.DefaultCacheAwareContextLoaderDelegate - Retrieved ApplicationContext [448086484] from cache with key [[MergedContextConfiguration@593cf2c testClass = AppModelTest, locations = '{}', classes = '{}', contextInitializerClasses = '[]', activeProfiles = '{}', propertySourceLocations = '{classpath:application.properties}', propertySourceProperties = '{}', contextCustomizers = set[org.springframework.boot.test.autoconfigure.actuate.metrics.MetricsExportContextCustomizerFactory$DisableMetricExportContextCustomizer@8c11eee, org.springframework.boot.test.autoconfigure.properties.PropertyMappingContextCustomizer@0, org.springframework.boot.test.autoconfigure.web.servlet.WebDriverContextCustomizerFactory$Customizer@544820b7, org.springframework.boot.test.context.filter.ExcludeFilterContextCustomizer@e84a8e1, org.springframework.boot.test.json.DuplicateJsonObjectContextCustomizerFactory$DuplicateJsonObjectContextCustomizer@7d42c224, org.springframework.boot.test.mock.mockito.MockitoContextCustomizer@0], contextLoader = 'org.springframework.test.context.support.DelegatingSmartContextLoader', parent = [null]]]
16:37:56.607 [TestNG-tests-1] DEBUG org.springframework.test.context.cache - Spring test ApplicationContext cache statistics: [DefaultContextCache@1e512e52 size = 1, maxSize = 32, parentContextCount = 0, hitCount = 12, missCount = 1]
16:37:56.608 [TestNG-tests-1] DEBUG org.springframework.test.context.cache.DefaultCacheAwareContextLoaderDelegate - Retrieved ApplicationContext [448086484] from cache with key [[MergedContextConfiguration@593cf2c testClass = AppModelTest, locations = '{}', classes = '{}', contextInitializerClasses = '[]', activeProfiles = '{}', propertySourceLocations = '{classpath:application.properties}', propertySourceProperties = '{}', contextCustomizers = set[org.springframework.boot.test.autoconfigure.actuate.metrics.MetricsExportContextCustomizerFactory$DisableMetricExportContextCustomizer@8c11eee, org.springframework.boot.test.autoconfigure.properties.PropertyMappingContextCustomizer@0, org.springframework.boot.test.autoconfigure.web.servlet.WebDriverContextCustomizerFactory$Customizer@544820b7, org.springframework.boot.test.context.filter.ExcludeFilterContextCustomizer@e84a8e1, org.springframework.boot.test.json.DuplicateJsonObjectContextCustomizerFactory$DuplicateJsonObjectContextCustomizer@7d42c224, org.springframework.boot.test.mock.mockito.MockitoContextCustomizer@0], contextLoader = 'org.springframework.test.context.support.DelegatingSmartContextLoader', parent = [null]]]
16:37:56.608 [TestNG-tests-1] DEBUG org.springframework.test.context.cache - Spring test ApplicationContext cache statistics: [DefaultContextCache@1e512e52 size = 1, maxSize = 32, parentContextCount = 0, hitCount = 13, missCount = 1]
16:37:56.608 [TestNG-tests-1] DEBUG org.springframework.test.context.support.AbstractDirtiesContextTestExecutionListener - After test method: context [DefaultTestContext@49b88cc7 testClass = AppModelTest, testInstance = org.example.alfa.model.AppModelTest@5974109, testMethod = requestTodayRateTest@AppModelTest, testException = [null], mergedContextConfiguration = [MergedContextConfiguration@593cf2c testClass = AppModelTest, locations = '{}', classes = '{}', contextInitializerClasses = '[]', activeProfiles = '{}', propertySourceLocations = '{classpath:application.properties}', propertySourceProperties = '{}', contextCustomizers = set[org.springframework.boot.test.autoconfigure.actuate.metrics.MetricsExportContextCustomizerFactory$DisableMetricExportContextCustomizer@8c11eee, org.springframework.boot.test.autoconfigure.properties.PropertyMappingContextCustomizer@0, org.springframework.boot.test.autoconfigure.web.servlet.WebDriverContextCustomizerFactory$Customizer@544820b7, org.springframework.boot.test.context.filter.ExcludeFilterContextCustomizer@e84a8e1, org.springframework.boot.test.json.DuplicateJsonObjectContextCustomizerFactory$DuplicateJsonObjectContextCustomizer@7d42c224, org.springframework.boot.test.mock.mockito.MockitoContextCustomizer@0], contextLoader = 'org.springframework.test.context.support.DelegatingSmartContextLoader', parent = [null]], attributes = map['org.springframework.test.context.event.ApplicationEventsTestExecutionListener.recordApplicationEvents' -> false]], class annotated with @DirtiesContext [false] with mode [null], method annotated with @DirtiesContext [false] with mode [null].
16:37:56.609 [TestNG-tests-1] DEBUG org.springframework.test.context.support.AbstractDirtiesContextTestExecutionListener - Before test method: context [DefaultTestContext@49b88cc7 testClass = AppModelTest, testInstance = org.example.alfa.model.AppModelTest@5974109, testMethod = requestYesterdayRateTest@AppModelTest, testException = [null], mergedContextConfiguration = [MergedContextConfiguration@593cf2c testClass = AppModelTest, locations = '{}', classes = '{}', contextInitializerClasses = '[]', activeProfiles = '{}', propertySourceLocations = '{classpath:application.properties}', propertySourceProperties = '{}', contextCustomizers = set[org.springframework.boot.test.autoconfigure.actuate.metrics.MetricsExportContextCustomizerFactory$DisableMetricExportContextCustomizer@8c11eee, org.springframework.boot.test.autoconfigure.properties.PropertyMappingContextCustomizer@0, org.springframework.boot.test.autoconfigure.web.servlet.WebDriverContextCustomizerFactory$Customizer@544820b7, org.springframework.boot.test.context.filter.ExcludeFilterContextCustomizer@e84a8e1, org.springframework.boot.test.json.DuplicateJsonObjectContextCustomizerFactory$DuplicateJsonObjectContextCustomizer@7d42c224, org.springframework.boot.test.mock.mockito.MockitoContextCustomizer@0], contextLoader = 'org.springframework.test.context.support.DelegatingSmartContextLoader', parent = [null]], attributes = map['org.springframework.test.context.event.ApplicationEventsTestExecutionListener.recordApplicationEvents' -> false]], class annotated with @DirtiesContext [false] with mode [null], method annotated with @DirtiesContext [false] with mode [null].
16:37:56.609 [TestNG-tests-1] DEBUG org.springframework.test.context.cache.DefaultCacheAwareContextLoaderDelegate - Retrieved ApplicationContext [448086484] from cache with key [[MergedContextConfiguration@593cf2c testClass = AppModelTest, locations = '{}', classes = '{}', contextInitializerClasses = '[]', activeProfiles = '{}', propertySourceLocations = '{classpath:application.properties}', propertySourceProperties = '{}', contextCustomizers = set[org.springframework.boot.test.autoconfigure.actuate.metrics.MetricsExportContextCustomizerFactory$DisableMetricExportContextCustomizer@8c11eee, org.springframework.boot.test.autoconfigure.properties.PropertyMappingContextCustomizer@0, org.springframework.boot.test.autoconfigure.web.servlet.WebDriverContextCustomizerFactory$Customizer@544820b7, org.springframework.boot.test.context.filter.ExcludeFilterContextCustomizer@e84a8e1, org.springframework.boot.test.json.DuplicateJsonObjectContextCustomizerFactory$DuplicateJsonObjectContextCustomizer@7d42c224, org.springframework.boot.test.mock.mockito.MockitoContextCustomizer@0], contextLoader = 'org.springframework.test.context.support.DelegatingSmartContextLoader', parent = [null]]]
16:37:56.610 [TestNG-tests-1] DEBUG org.springframework.test.context.cache - Spring test ApplicationContext cache statistics: [DefaultContextCache@1e512e52 size = 1, maxSize = 32, parentContextCount = 0, hitCount = 14, missCount = 1]
16:37:56.611 [TestNG-tests-1] DEBUG org.springframework.test.util.ReflectionTestUtils - Setting field 'currencyApiKey' of type [null] on target object [org.example.alfa.model.AppModel@3b44a0bf] or target class [class org.example.alfa.model.AppModel] to value [b8e29d114c4345be921943c44726aa78]
16:37:56.611 [TestNG-tests-1] DEBUG org.springframework.test.util.ReflectionTestUtils - Setting field 'gifApiKey' of type [null] on target object [org.example.alfa.model.AppModel@3b44a0bf] or target class [class org.example.alfa.model.AppModel] to value [mGwYX2s7T8iCj7Jg5KPAT9p9zxQqRa0H]
16:37:56.611 [TestNG-tests-1] DEBUG org.springframework.test.util.ReflectionTestUtils - Setting field 'targetCurrency' of type [null] on target object [org.example.alfa.model.AppModel@3b44a0bf] or target class [class org.example.alfa.model.AppModel] to value [RUB]
16:37:56.612 [TestNG-tests-1] DEBUG org.springframework.test.context.cache.DefaultCacheAwareContextLoaderDelegate - Retrieved ApplicationContext [448086484] from cache with key [[MergedContextConfiguration@593cf2c testClass = AppModelTest, locations = '{}', classes = '{}', contextInitializerClasses = '[]', activeProfiles = '{}', propertySourceLocations = '{classpath:application.properties}', propertySourceProperties = '{}', contextCustomizers = set[org.springframework.boot.test.autoconfigure.actuate.metrics.MetricsExportContextCustomizerFactory$DisableMetricExportContextCustomizer@8c11eee, org.springframework.boot.test.autoconfigure.properties.PropertyMappingContextCustomizer@0, org.springframework.boot.test.autoconfigure.web.servlet.WebDriverContextCustomizerFactory$Customizer@544820b7, org.springframework.boot.test.context.filter.ExcludeFilterContextCustomizer@e84a8e1, org.springframework.boot.test.json.DuplicateJsonObjectContextCustomizerFactory$DuplicateJsonObjectContextCustomizer@7d42c224, org.springframework.boot.test.mock.mockito.MockitoContextCustomizer@0], contextLoader = 'org.springframework.test.context.support.DelegatingSmartContextLoader', parent = [null]]]
16:37:56.612 [TestNG-tests-1] DEBUG org.springframework.test.context.cache - Spring test ApplicationContext cache statistics: [DefaultContextCache@1e512e52 size = 1, maxSize = 32, parentContextCount = 0, hitCount = 15, missCount = 1]
16:37:56.625 [TestNG-tests-1] DEBUG org.springframework.test.context.cache.DefaultCacheAwareContextLoaderDelegate - Retrieved ApplicationContext [448086484] from cache with key [[MergedContextConfiguration@593cf2c testClass = AppModelTest, locations = '{}', classes = '{}', contextInitializerClasses = '[]', activeProfiles = '{}', propertySourceLocations = '{classpath:application.properties}', propertySourceProperties = '{}', contextCustomizers = set[org.springframework.boot.test.autoconfigure.actuate.metrics.MetricsExportContextCustomizerFactory$DisableMetricExportContextCustomizer@8c11eee, org.springframework.boot.test.autoconfigure.properties.PropertyMappingContextCustomizer@0, org.springframework.boot.test.autoconfigure.web.servlet.WebDriverContextCustomizerFactory$Customizer@544820b7, org.springframework.boot.test.context.filter.ExcludeFilterContextCustomizer@e84a8e1, org.springframework.boot.test.json.DuplicateJsonObjectContextCustomizerFactory$DuplicateJsonObjectContextCustomizer@7d42c224, org.springframework.boot.test.mock.mockito.MockitoContextCustomizer@0], contextLoader = 'org.springframework.test.context.support.DelegatingSmartContextLoader', parent = [null]]]
16:37:56.625 [TestNG-tests-1] DEBUG org.springframework.test.context.cache - Spring test ApplicationContext cache statistics: [DefaultContextCache@1e512e52 size = 1, maxSize = 32, parentContextCount = 0, hitCount = 16, missCount = 1]
16:37:56.626 [TestNG-tests-1] DEBUG org.springframework.test.context.cache.DefaultCacheAwareContextLoaderDelegate - Retrieved ApplicationContext [448086484] from cache with key [[MergedContextConfiguration@593cf2c testClass = AppModelTest, locations = '{}', classes = '{}', contextInitializerClasses = '[]', activeProfiles = '{}', propertySourceLocations = '{classpath:application.properties}', propertySourceProperties = '{}', contextCustomizers = set[org.springframework.boot.test.autoconfigure.actuate.metrics.MetricsExportContextCustomizerFactory$DisableMetricExportContextCustomizer@8c11eee, org.springframework.boot.test.autoconfigure.properties.PropertyMappingContextCustomizer@0, org.springframework.boot.test.autoconfigure.web.servlet.WebDriverContextCustomizerFactory$Customizer@544820b7, org.springframework.boot.test.context.filter.ExcludeFilterContextCustomizer@e84a8e1, org.springframework.boot.test.json.DuplicateJsonObjectContextCustomizerFactory$DuplicateJsonObjectContextCustomizer@7d42c224, org.springframework.boot.test.mock.mockito.MockitoContextCustomizer@0], contextLoader = 'org.springframework.test.context.support.DelegatingSmartContextLoader', parent = [null]]]
16:37:56.626 [TestNG-tests-1] DEBUG org.springframework.test.context.cache - Spring test ApplicationContext cache statistics: [DefaultContextCache@1e512e52 size = 1, maxSize = 32, parentContextCount = 0, hitCount = 17, missCount = 1]
16:37:56.626 [TestNG-tests-1] DEBUG org.springframework.test.context.support.AbstractDirtiesContextTestExecutionListener - After test method: context [DefaultTestContext@49b88cc7 testClass = AppModelTest, testInstance = org.example.alfa.model.AppModelTest@5974109, testMethod = requestYesterdayRateTest@AppModelTest, testException = [null], mergedContextConfiguration = [MergedContextConfiguration@593cf2c testClass = AppModelTest, locations = '{}', classes = '{}', contextInitializerClasses = '[]', activeProfiles = '{}', propertySourceLocations = '{classpath:application.properties}', propertySourceProperties = '{}', contextCustomizers = set[org.springframework.boot.test.autoconfigure.actuate.metrics.MetricsExportContextCustomizerFactory$DisableMetricExportContextCustomizer@8c11eee, org.springframework.boot.test.autoconfigure.properties.PropertyMappingContextCustomizer@0, org.springframework.boot.test.autoconfigure.web.servlet.WebDriverContextCustomizerFactory$Customizer@544820b7, org.springframework.boot.test.context.filter.ExcludeFilterContextCustomizer@e84a8e1, org.springframework.boot.test.json.DuplicateJsonObjectContextCustomizerFactory$DuplicateJsonObjectContextCustomizer@7d42c224, org.springframework.boot.test.mock.mockito.MockitoContextCustomizer@0], contextLoader = 'org.springframework.test.context.support.DelegatingSmartContextLoader', parent = [null]], attributes = map['org.springframework.test.context.event.ApplicationEventsTestExecutionListener.recordApplicationEvents' -> false]], class annotated with @DirtiesContext [false] with mode [null], method annotated with @DirtiesContext [false] with mode [null].
]]></system-out>
  <system-err><![CDATA[]]></system-err>
</testsuite>
